{"/home/juanma42/Documentos/Curso_skylab/curso/juanma-taboada-final-project-202110/server/app.ts": {"path":"/home/juanma42/Documentos/Curso_skylab/curso/juanma-taboada-final-project-202110/server/app.ts","statementMap":{"0":{"start":{"line":1,"column":0},"end":{"line":1,"column":30}},"1":{"start":{"line":2,"column":0},"end":{"line":2,"column":32}},"2":{"start":{"line":3,"column":0},"end":{"line":3,"column":24}},"3":{"start":{"line":4,"column":0},"end":{"line":4,"column":28}},"4":{"start":{"line":5,"column":0},"end":{"line":5,"column":27}},"5":{"start":{"line":6,"column":0},"end":{"line":6,"column":46}},"6":{"start":{"line":7,"column":0},"end":{"line":7,"column":55}},"7":{"start":{"line":8,"column":0},"end":{"line":8,"column":54}},"8":{"start":{"line":9,"column":0},"end":{"line":9,"column":52}},"9":{"start":{"line":12,"column":0},"end":{"line":12,"column":null}},"10":{"start":{"line":13,"column":12},"end":{"line":13,"column":21}},"11":{"start":{"line":16,"column":0},"end":{"line":16,"column":42}},"12":{"start":{"line":19,"column":0},"end":{"line":19,"column":23}},"13":{"start":{"line":20,"column":0},"end":{"line":20,"column":16}},"14":{"start":{"line":21,"column":0},"end":{"line":21,"column":49}},"15":{"start":{"line":22,"column":0},"end":{"line":22,"column":24}},"16":{"start":{"line":23,"column":0},"end":{"line":23,"column":31}},"17":{"start":{"line":24,"column":0},"end":{"line":24,"column":33}},"18":{"start":{"line":26,"column":0},"end":{"line":28,"column":2}},"19":{"start":{"line":27,"column":2},"end":{"line":27,"column":63}},"20":{"start":{"line":30,"column":0},"end":{"line":30,"column":20}},"21":{"start":{"line":31,"column":0},"end":{"line":31,"column":24}},"22":{"start":{"line":32,"column":0},"end":{"line":32,"column":23}},"23":{"start":{"line":34,"column":0},"end":{"line":34,"column":19}}},"fnMap":{"0":{"name":"(anonymous_1)","decl":{"start":{"line":26,"column":13},"end":{"line":26,"column":14}},"loc":{"start":{"line":27,"column":2},"end":{"line":27,"column":63}}}},"branchMap":{"0":{"loc":{"start":{"line":16,"column":16},"end":{"line":16,"column":40}},"type":"binary-expr","locations":[{"start":{"line":16,"column":16},"end":{"line":16,"column":32}},{"start":{"line":16,"column":36},"end":{"line":16,"column":40}}]}},"s":{"0":1,"1":1,"2":1,"3":1,"4":1,"5":1,"6":1,"7":1,"8":1,"9":1,"10":1,"11":1,"12":1,"13":1,"14":1,"15":1,"16":1,"17":1,"18":1,"19":1,"20":1,"21":1,"22":1,"23":1},"f":{"0":1},"b":{"0":[1,0]}}
,"/home/juanma42/Documentos/Curso_skylab/curso/juanma-taboada-final-project-202110/server/config/config.ts": {"path":"/home/juanma42/Documentos/Curso_skylab/curso/juanma-taboada-final-project-202110/server/config/config.ts","statementMap":{"0":{"start":{"line":1,"column":0},"end":{"line":1,"column":28}},"1":{"start":{"line":3,"column":0},"end":{"line":3,"column":16}},"2":{"start":{"line":5,"column":0},"end":{"line":17,"column":2}}},"fnMap":{},"branchMap":{"0":{"loc":{"start":{"line":6,"column":13},"end":{"line":6,"column":52}},"type":"binary-expr","locations":[{"start":{"line":6,"column":13},"end":{"line":6,"column":35}},{"start":{"line":6,"column":39},"end":{"line":6,"column":52}}]},"1":{"loc":{"start":{"line":9,"column":6},"end":{"line":10,"column":109}},"type":"binary-expr","locations":[{"start":{"line":9,"column":6},"end":{"line":9,"column":29}},{"start":{"line":10,"column":6},"end":{"line":10,"column":109}}]},"2":{"loc":{"start":{"line":11,"column":10},"end":{"line":11,"column":50}},"type":"binary-expr","locations":[{"start":{"line":11,"column":10},"end":{"line":11,"column":34}},{"start":{"line":11,"column":38},"end":{"line":11,"column":50}}]},"3":{"loc":{"start":{"line":12,"column":14},"end":{"line":12,"column":57}},"type":"binary-expr","locations":[{"start":{"line":12,"column":14},"end":{"line":12,"column":42}},{"start":{"line":12,"column":46},"end":{"line":12,"column":57}}]},"4":{"loc":{"start":{"line":14,"column":6},"end":{"line":15,"column":113}},"type":"binary-expr","locations":[{"start":{"line":14,"column":6},"end":{"line":14,"column":34}},{"start":{"line":15,"column":6},"end":{"line":15,"column":113}}]}},"s":{"0":3,"1":3,"2":3},"f":{},"b":{"0":[3,3],"1":[3,0],"2":[3,0],"3":[3,0],"4":[3,0]}}
,"/home/juanma42/Documentos/Curso_skylab/curso/juanma-taboada-final-project-202110/server/controllers/authUser.controller.ts": {"path":"/home/juanma42/Documentos/Curso_skylab/curso/juanma-taboada-final-project-202110/server/controllers/authUser.controller.ts","statementMap":{"0":{"start":{"line":2,"column":0},"end":{"line":2,"column":40}},"1":{"start":{"line":3,"column":0},"end":{"line":3,"column":34}},"2":{"start":{"line":4,"column":0},"end":{"line":4,"column":36}},"3":{"start":{"line":5,"column":0},"end":{"line":5,"column":34}},"4":{"start":{"line":8,"column":26},"end":{"line":59,"column":2}},"5":{"start":{"line":11,"column":23},"end":{"line":59,"column":2}},"6":{"start":{"line":12,"column":21},"end":{"line":12,"column":29}},"7":{"start":{"line":23,"column":6},"end":{"line":23,"column":14}},"8":{"start":{"line":24,"column":15},"end":{"line":24,"column":42}},"9":{"start":{"line":25,"column":2},"end":{"line":29,"column":null}},"10":{"start":{"line":26,"column":4},"end":{"line":28,"column":7}},"11":{"start":{"line":30,"column":2},"end":{"line":30,"column":25}},"12":{"start":{"line":31,"column":2},"end":{"line":31,"column":37}},"13":{"start":{"line":32,"column":2},"end":{"line":32,"column":39}},"14":{"start":{"line":33,"column":2},"end":{"line":33,"column":47}},"15":{"start":{"line":34,"column":2},"end":{"line":34,"column":19}},"16":{"start":{"line":35,"column":2},"end":{"line":35,"column":27}},"17":{"start":{"line":36,"column":2},"end":{"line":36,"column":33}},"18":{"start":{"line":37,"column":2},"end":{"line":37,"column":19}},"19":{"start":{"line":38,"column":2},"end":{"line":38,"column":35}},"20":{"start":{"line":40,"column":2},"end":{"line":40,"column":20}},"21":{"start":{"line":41,"column":2},"end":{"line":58,"column":5}},"22":{"start":{"line":8,"column":13},"end":{"line":8,"column":26}},"23":{"start":{"line":61,"column":26},"end":{"line":76,"column":2}},"24":{"start":{"line":64,"column":23},"end":{"line":76,"column":2}},"25":{"start":{"line":65,"column":17},"end":{"line":65,"column":27}},"26":{"start":{"line":66,"column":15},"end":{"line":66,"column":38}},"27":{"start":{"line":67,"column":2},"end":{"line":71,"column":null}},"28":{"start":{"line":68,"column":4},"end":{"line":70,"column":7}},"29":{"start":{"line":72,"column":2},"end":{"line":72,"column":22}},"30":{"start":{"line":73,"column":2},"end":{"line":75,"column":5}},"31":{"start":{"line":61,"column":13},"end":{"line":61,"column":26}},"32":{"start":{"line":77,"column":28},"end":{"line":90,"column":2}},"33":{"start":{"line":77,"column":66},"end":{"line":90,"column":2}},"34":{"start":{"line":78,"column":31},"end":{"line":78,"column":39}},"35":{"start":{"line":79,"column":15},"end":{"line":79,"column":42}},"36":{"start":{"line":80,"column":2},"end":{"line":84,"column":null}},"37":{"start":{"line":81,"column":4},"end":{"line":83,"column":7}},"38":{"start":{"line":85,"column":2},"end":{"line":85,"column":27}},"39":{"start":{"line":86,"column":2},"end":{"line":86,"column":20}},"40":{"start":{"line":87,"column":2},"end":{"line":89,"column":5}},"41":{"start":{"line":77,"column":13},"end":{"line":77,"column":28}},"42":{"start":{"line":93,"column":24},"end":{"line":109,"column":2}},"43":{"start":{"line":93,"column":62},"end":{"line":109,"column":2}},"44":{"start":{"line":94,"column":21},"end":{"line":94,"column":29}},"45":{"start":{"line":95,"column":15},"end":{"line":95,"column":42}},"46":{"start":{"line":96,"column":2},"end":{"line":100,"column":null}},"47":{"start":{"line":97,"column":4},"end":{"line":99,"column":7}},"48":{"start":{"line":101,"column":22},"end":{"line":101,"column":26}},"49":{"start":{"line":102,"column":2},"end":{"line":102,"column":23}},"50":{"start":{"line":103,"column":22},"end":{"line":105,"column":4}},"51":{"start":{"line":106,"column":2},"end":{"line":108,"column":5}},"52":{"start":{"line":93,"column":13},"end":{"line":93,"column":24}},"53":{"start":{"line":111,"column":26},"end":{"line":136,"column":2}},"54":{"start":{"line":111,"column":64},"end":{"line":136,"column":2}},"55":{"start":{"line":113,"column":4},"end":{"line":113,"column":12}},"56":{"start":{"line":114,"column":15},"end":{"line":114,"column":42}},"57":{"start":{"line":115,"column":2},"end":{"line":119,"column":null}},"58":{"start":{"line":116,"column":4},"end":{"line":118,"column":7}},"59":{"start":{"line":120,"column":18},"end":{"line":120,"column":24}},"60":{"start":{"line":121,"column":15},"end":{"line":129,"column":4}},"61":{"start":{"line":130,"column":2},"end":{"line":130,"column":24}},"62":{"start":{"line":131,"column":2},"end":{"line":131,"column":20}},"63":{"start":{"line":132,"column":2},"end":{"line":135,"column":5}},"64":{"start":{"line":111,"column":13},"end":{"line":111,"column":26}},"65":{"start":{"line":138,"column":26},"end":{"line":161,"column":2}},"66":{"start":{"line":138,"column":64},"end":{"line":161,"column":2}},"67":{"start":{"line":139,"column":29},"end":{"line":139,"column":39}},"68":{"start":{"line":140,"column":15},"end":{"line":140,"column":42}},"69":{"start":{"line":141,"column":2},"end":{"line":145,"column":null}},"70":{"start":{"line":142,"column":4},"end":{"line":144,"column":7}},"71":{"start":{"line":146,"column":15},"end":{"line":146,"column":42}},"72":{"start":{"line":147,"column":2},"end":{"line":151,"column":null}},"73":{"start":{"line":148,"column":4},"end":{"line":150,"column":7}},"74":{"start":{"line":152,"column":2},"end":{"line":152,"column":22}},"75":{"start":{"line":153,"column":2},"end":{"line":156,"column":4}},"76":{"start":{"line":154,"column":40},"end":{"line":154,"column":58}},"77":{"start":{"line":157,"column":2},"end":{"line":157,"column":20}},"78":{"start":{"line":158,"column":2},"end":{"line":160,"column":5}},"79":{"start":{"line":138,"column":13},"end":{"line":138,"column":26}},"80":{"start":{"line":163,"column":24},"end":{"line":188,"column":2}},"81":{"start":{"line":163,"column":62},"end":{"line":188,"column":2}},"82":{"start":{"line":164,"column":29},"end":{"line":164,"column":37}},"83":{"start":{"line":165,"column":15},"end":{"line":165,"column":42}},"84":{"start":{"line":166,"column":2},"end":{"line":170,"column":null}},"85":{"start":{"line":167,"column":4},"end":{"line":169,"column":7}},"86":{"start":{"line":171,"column":15},"end":{"line":171,"column":42}},"87":{"start":{"line":172,"column":2},"end":{"line":176,"column":null}},"88":{"start":{"line":173,"column":4},"end":{"line":175,"column":7}},"89":{"start":{"line":177,"column":2},"end":{"line":183,"column":null}},"90":{"start":{"line":178,"column":4},"end":{"line":178,"column":28}},"91":{"start":{"line":179,"column":4},"end":{"line":179,"column":22}},"92":{"start":{"line":180,"column":4},"end":{"line":182,"column":7}},"93":{"start":{"line":185,"column":2},"end":{"line":187,"column":5}},"94":{"start":{"line":163,"column":13},"end":{"line":163,"column":24}},"95":{"start":{"line":191,"column":29},"end":{"line":211,"column":2}},"96":{"start":{"line":191,"column":67},"end":{"line":211,"column":2}},"97":{"start":{"line":192,"column":21},"end":{"line":192,"column":29}},"98":{"start":{"line":193,"column":62},"end":{"line":193,"column":70}},"99":{"start":{"line":194,"column":15},"end":{"line":194,"column":42}},"100":{"start":{"line":195,"column":2},"end":{"line":199,"column":null}},"101":{"start":{"line":196,"column":4},"end":{"line":198,"column":7}},"102":{"start":{"line":200,"column":18},"end":{"line":206,"column":4}},"103":{"start":{"line":207,"column":2},"end":{"line":210,"column":5}},"104":{"start":{"line":191,"column":13},"end":{"line":191,"column":29}},"105":{"start":{"line":213,"column":27},"end":{"line":232,"column":2}},"106":{"start":{"line":213,"column":65},"end":{"line":232,"column":2}},"107":{"start":{"line":214,"column":2},"end":{"line":218,"column":null}},"108":{"start":{"line":215,"column":4},"end":{"line":217,"column":7}},"109":{"start":{"line":219,"column":32},"end":{"line":219,"column":40}},"110":{"start":{"line":220,"column":18},"end":{"line":220,"column":51}},"111":{"start":{"line":221,"column":2},"end":{"line":225,"column":null}},"112":{"start":{"line":222,"column":4},"end":{"line":224,"column":7}},"113":{"start":{"line":227,"column":2},"end":{"line":227,"column":30}},"114":{"start":{"line":228,"column":2},"end":{"line":228,"column":23}},"115":{"start":{"line":229,"column":2},"end":{"line":231,"column":5}},"116":{"start":{"line":213,"column":13},"end":{"line":213,"column":27}},"117":{"start":{"line":233,"column":26},"end":{"line":257,"column":2}},"118":{"start":{"line":233,"column":64},"end":{"line":257,"column":2}},"119":{"start":{"line":234,"column":32},"end":{"line":234,"column":40}},"120":{"start":{"line":235,"column":18},"end":{"line":235,"column":51}},"121":{"start":{"line":236,"column":2},"end":{"line":240,"column":null}},"122":{"start":{"line":237,"column":4},"end":{"line":239,"column":7}},"123":{"start":{"line":241,"column":15},"end":{"line":241,"column":42}},"124":{"start":{"line":242,"column":2},"end":{"line":246,"column":null}},"125":{"start":{"line":243,"column":4},"end":{"line":245,"column":7}},"126":{"start":{"line":247,"column":2},"end":{"line":251,"column":null}},"127":{"start":{"line":248,"column":4},"end":{"line":250,"column":7}},"128":{"start":{"line":252,"column":2},"end":{"line":252,"column":33}},"129":{"start":{"line":253,"column":2},"end":{"line":253,"column":20}},"130":{"start":{"line":254,"column":2},"end":{"line":256,"column":5}},"131":{"start":{"line":233,"column":13},"end":{"line":233,"column":26}},"132":{"start":{"line":260,"column":25},"end":{"line":263,"column":2}},"133":{"start":{"line":260,"column":63},"end":{"line":263,"column":2}},"134":{"start":{"line":261,"column":17},"end":{"line":261,"column":35}},"135":{"start":{"line":262,"column":2},"end":{"line":262,"column":38}},"136":{"start":{"line":260,"column":13},"end":{"line":260,"column":25}},"137":{"start":{"line":265,"column":27},"end":{"line":287,"column":2}},"138":{"start":{"line":265,"column":65},"end":{"line":287,"column":2}},"139":{"start":{"line":266,"column":21},"end":{"line":266,"column":29}},"140":{"start":{"line":267,"column":41},"end":{"line":267,"column":49}},"141":{"start":{"line":268,"column":15},"end":{"line":268,"column":42}},"142":{"start":{"line":269,"column":2},"end":{"line":273,"column":null}},"143":{"start":{"line":270,"column":4},"end":{"line":272,"column":7}},"144":{"start":{"line":274,"column":18},"end":{"line":274,"column":26}},"145":{"start":{"line":275,"column":16},"end":{"line":280,"column":4}},"146":{"start":{"line":281,"column":2},"end":{"line":281,"column":29}},"147":{"start":{"line":282,"column":2},"end":{"line":282,"column":20}},"148":{"start":{"line":283,"column":2},"end":{"line":283,"column":21}},"149":{"start":{"line":284,"column":2},"end":{"line":286,"column":5}},"150":{"start":{"line":265,"column":13},"end":{"line":265,"column":27}},"151":{"start":{"line":289,"column":27},"end":{"line":306,"column":2}},"152":{"start":{"line":289,"column":65},"end":{"line":306,"column":2}},"153":{"start":{"line":290,"column":22},"end":{"line":290,"column":30}},"154":{"start":{"line":291,"column":16},"end":{"line":291,"column":45}},"155":{"start":{"line":292,"column":2},"end":{"line":296,"column":null}},"156":{"start":{"line":293,"column":4},"end":{"line":295,"column":7}},"157":{"start":{"line":297,"column":2},"end":{"line":302,"column":null}},"158":{"start":{"line":298,"column":4},"end":{"line":298,"column":25}},"159":{"start":{"line":299,"column":4},"end":{"line":301,"column":7}},"160":{"start":{"line":303,"column":2},"end":{"line":305,"column":5}},"161":{"start":{"line":289,"column":13},"end":{"line":289,"column":27}},"162":{"start":{"line":307,"column":25},"end":{"line":333,"column":2}},"163":{"start":{"line":307,"column":63},"end":{"line":333,"column":2}},"164":{"start":{"line":308,"column":30},"end":{"line":308,"column":38}},"165":{"start":{"line":309,"column":16},"end":{"line":309,"column":45}},"166":{"start":{"line":310,"column":2},"end":{"line":314,"column":null}},"167":{"start":{"line":311,"column":4},"end":{"line":313,"column":7}},"168":{"start":{"line":315,"column":15},"end":{"line":315,"column":42}},"169":{"start":{"line":316,"column":2},"end":{"line":320,"column":null}},"170":{"start":{"line":317,"column":4},"end":{"line":319,"column":7}},"171":{"start":{"line":321,"column":2},"end":{"line":325,"column":null}},"172":{"start":{"line":322,"column":4},"end":{"line":324,"column":7}},"173":{"start":{"line":326,"column":2},"end":{"line":326,"column":29}},"174":{"start":{"line":327,"column":2},"end":{"line":327,"column":21}},"175":{"start":{"line":328,"column":2},"end":{"line":328,"column":28}},"176":{"start":{"line":329,"column":2},"end":{"line":329,"column":20}},"177":{"start":{"line":330,"column":2},"end":{"line":332,"column":5}},"178":{"start":{"line":307,"column":13},"end":{"line":307,"column":25}},"179":{"start":{"line":334,"column":26},"end":{"line":360,"column":2}},"180":{"start":{"line":334,"column":64},"end":{"line":360,"column":2}},"181":{"start":{"line":335,"column":30},"end":{"line":335,"column":38}},"182":{"start":{"line":336,"column":16},"end":{"line":336,"column":45}},"183":{"start":{"line":337,"column":2},"end":{"line":341,"column":null}},"184":{"start":{"line":338,"column":4},"end":{"line":340,"column":7}},"185":{"start":{"line":342,"column":15},"end":{"line":342,"column":42}},"186":{"start":{"line":343,"column":2},"end":{"line":347,"column":null}},"187":{"start":{"line":344,"column":4},"end":{"line":346,"column":7}},"188":{"start":{"line":348,"column":2},"end":{"line":352,"column":null}},"189":{"start":{"line":349,"column":4},"end":{"line":351,"column":7}},"190":{"start":{"line":353,"column":2},"end":{"line":353,"column":70}},"191":{"start":{"line":353,"column":51},"end":{"line":353,"column":68}},"192":{"start":{"line":354,"column":2},"end":{"line":354,"column":21}},"193":{"start":{"line":355,"column":2},"end":{"line":355,"column":73}},"194":{"start":{"line":355,"column":50},"end":{"line":355,"column":71}},"195":{"start":{"line":356,"column":2},"end":{"line":356,"column":20}},"196":{"start":{"line":357,"column":2},"end":{"line":359,"column":5}},"197":{"start":{"line":334,"column":13},"end":{"line":334,"column":26}},"198":{"start":{"line":361,"column":26},"end":{"line":387,"column":2}},"199":{"start":{"line":361,"column":64},"end":{"line":387,"column":2}},"200":{"start":{"line":362,"column":30},"end":{"line":362,"column":38}},"201":{"start":{"line":363,"column":16},"end":{"line":363,"column":45}},"202":{"start":{"line":364,"column":2},"end":{"line":368,"column":null}},"203":{"start":{"line":365,"column":4},"end":{"line":367,"column":7}},"204":{"start":{"line":369,"column":15},"end":{"line":369,"column":42}},"205":{"start":{"line":370,"column":2},"end":{"line":374,"column":null}},"206":{"start":{"line":371,"column":4},"end":{"line":373,"column":7}},"207":{"start":{"line":375,"column":2},"end":{"line":379,"column":null}},"208":{"start":{"line":376,"column":4},"end":{"line":378,"column":7}},"209":{"start":{"line":380,"column":2},"end":{"line":380,"column":33}},"210":{"start":{"line":381,"column":2},"end":{"line":381,"column":21}},"211":{"start":{"line":382,"column":2},"end":{"line":382,"column":35}},"212":{"start":{"line":383,"column":2},"end":{"line":383,"column":20}},"213":{"start":{"line":384,"column":2},"end":{"line":386,"column":5}},"214":{"start":{"line":361,"column":13},"end":{"line":361,"column":26}},"215":{"start":{"line":389,"column":28},"end":{"line":412,"column":2}},"216":{"start":{"line":389,"column":66},"end":{"line":412,"column":2}},"217":{"start":{"line":390,"column":30},"end":{"line":390,"column":38}},"218":{"start":{"line":391,"column":16},"end":{"line":391,"column":45}},"219":{"start":{"line":392,"column":2},"end":{"line":396,"column":null}},"220":{"start":{"line":393,"column":4},"end":{"line":395,"column":7}},"221":{"start":{"line":397,"column":15},"end":{"line":397,"column":42}},"222":{"start":{"line":398,"column":2},"end":{"line":402,"column":null}},"223":{"start":{"line":399,"column":4},"end":{"line":401,"column":7}},"224":{"start":{"line":403,"column":2},"end":{"line":403,"column":78}},"225":{"start":{"line":403,"column":59},"end":{"line":403,"column":76}},"226":{"start":{"line":404,"column":2},"end":{"line":404,"column":21}},"227":{"start":{"line":405,"column":2},"end":{"line":407,"column":4}},"228":{"start":{"line":406,"column":17},"end":{"line":406,"column":36}},"229":{"start":{"line":408,"column":2},"end":{"line":408,"column":20}},"230":{"start":{"line":409,"column":2},"end":{"line":411,"column":5}},"231":{"start":{"line":389,"column":13},"end":{"line":389,"column":28}},"232":{"start":{"line":413,"column":28},"end":{"line":425,"column":2}},"233":{"start":{"line":413,"column":66},"end":{"line":425,"column":2}},"234":{"start":{"line":414,"column":17},"end":{"line":414,"column":27}},"235":{"start":{"line":415,"column":16},"end":{"line":415,"column":40}},"236":{"start":{"line":416,"column":2},"end":{"line":420,"column":null}},"237":{"start":{"line":417,"column":4},"end":{"line":419,"column":7}},"238":{"start":{"line":421,"column":2},"end":{"line":424,"column":5}},"239":{"start":{"line":413,"column":13},"end":{"line":413,"column":28}},"240":{"start":{"line":426,"column":27},"end":{"line":446,"column":2}},"241":{"start":{"line":426,"column":65},"end":{"line":446,"column":2}},"242":{"start":{"line":427,"column":38},"end":{"line":427,"column":46}},"243":{"start":{"line":428,"column":16},"end":{"line":428,"column":45}},"244":{"start":{"line":429,"column":2},"end":{"line":433,"column":null}},"245":{"start":{"line":430,"column":4},"end":{"line":432,"column":7}},"246":{"start":{"line":434,"column":15},"end":{"line":434,"column":42}},"247":{"start":{"line":435,"column":2},"end":{"line":439,"column":null}},"248":{"start":{"line":436,"column":4},"end":{"line":438,"column":7}},"249":{"start":{"line":440,"column":2},"end":{"line":440,"column":29}},"250":{"start":{"line":441,"column":2},"end":{"line":441,"column":21}},"251":{"start":{"line":442,"column":2},"end":{"line":445,"column":5}},"252":{"start":{"line":426,"column":13},"end":{"line":426,"column":27}},"253":{"start":{"line":448,"column":27},"end":{"line":457,"column":2}},"254":{"start":{"line":448,"column":65},"end":{"line":457,"column":2}},"255":{"start":{"line":449,"column":17},"end":{"line":449,"column":27}},"256":{"start":{"line":450,"column":15},"end":{"line":450,"column":38}},"257":{"start":{"line":451,"column":2},"end":{"line":455,"column":null}},"258":{"start":{"line":452,"column":4},"end":{"line":454,"column":7}},"259":{"start":{"line":456,"column":2},"end":{"line":456,"column":36}},"260":{"start":{"line":448,"column":13},"end":{"line":448,"column":27}},"261":{"start":{"line":459,"column":24},"end":{"line":462,"column":2}},"262":{"start":{"line":459,"column":62},"end":{"line":462,"column":2}},"263":{"start":{"line":460,"column":16},"end":{"line":460,"column":33}},"264":{"start":{"line":461,"column":2},"end":{"line":461,"column":37}},"265":{"start":{"line":459,"column":13},"end":{"line":459,"column":24}},"266":{"start":{"line":463,"column":25},"end":{"line":489,"column":2}},"267":{"start":{"line":463,"column":63},"end":{"line":489,"column":2}},"268":{"start":{"line":464,"column":31},"end":{"line":464,"column":39}},"269":{"start":{"line":465,"column":15},"end":{"line":465,"column":42}},"270":{"start":{"line":466,"column":2},"end":{"line":470,"column":null}},"271":{"start":{"line":467,"column":4},"end":{"line":469,"column":7}},"272":{"start":{"line":471,"column":17},"end":{"line":471,"column":46}},"273":{"start":{"line":472,"column":2},"end":{"line":476,"column":null}},"274":{"start":{"line":473,"column":4},"end":{"line":475,"column":7}},"275":{"start":{"line":477,"column":2},"end":{"line":481,"column":null}},"276":{"start":{"line":478,"column":4},"end":{"line":480,"column":7}},"277":{"start":{"line":482,"column":2},"end":{"line":482,"column":30}},"278":{"start":{"line":483,"column":2},"end":{"line":483,"column":20}},"279":{"start":{"line":484,"column":2},"end":{"line":484,"column":30}},"280":{"start":{"line":485,"column":2},"end":{"line":485,"column":22}},"281":{"start":{"line":486,"column":2},"end":{"line":488,"column":5}},"282":{"start":{"line":463,"column":13},"end":{"line":463,"column":25}},"283":{"start":{"line":491,"column":33},"end":{"line":512,"column":2}},"284":{"start":{"line":491,"column":71},"end":{"line":512,"column":2}},"285":{"start":{"line":492,"column":31},"end":{"line":492,"column":39}},"286":{"start":{"line":493,"column":17},"end":{"line":493,"column":46}},"287":{"start":{"line":494,"column":15},"end":{"line":494,"column":42}},"288":{"start":{"line":495,"column":2},"end":{"line":499,"column":null}},"289":{"start":{"line":496,"column":4},"end":{"line":498,"column":7}},"290":{"start":{"line":500,"column":2},"end":{"line":504,"column":null}},"291":{"start":{"line":501,"column":4},"end":{"line":503,"column":7}},"292":{"start":{"line":505,"column":2},"end":{"line":505,"column":41}},"293":{"start":{"line":506,"column":2},"end":{"line":506,"column":20}},"294":{"start":{"line":507,"column":2},"end":{"line":507,"column":37}},"295":{"start":{"line":508,"column":2},"end":{"line":508,"column":22}},"296":{"start":{"line":509,"column":2},"end":{"line":511,"column":5}},"297":{"start":{"line":491,"column":13},"end":{"line":491,"column":33}},"298":{"start":{"line":513,"column":35},"end":{"line":535,"column":2}},"299":{"start":{"line":513,"column":73},"end":{"line":535,"column":2}},"300":{"start":{"line":514,"column":31},"end":{"line":514,"column":39}},"301":{"start":{"line":515,"column":17},"end":{"line":515,"column":46}},"302":{"start":{"line":516,"column":15},"end":{"line":516,"column":42}},"303":{"start":{"line":517,"column":2},"end":{"line":521,"column":null}},"304":{"start":{"line":518,"column":4},"end":{"line":520,"column":7}},"305":{"start":{"line":522,"column":2},"end":{"line":522,"column":30}},"306":{"start":{"line":523,"column":2},"end":{"line":523,"column":30}},"307":{"start":{"line":524,"column":2},"end":{"line":526,"column":4}},"308":{"start":{"line":525,"column":17},"end":{"line":525,"column":37}},"309":{"start":{"line":527,"column":2},"end":{"line":529,"column":4}},"310":{"start":{"line":528,"column":17},"end":{"line":528,"column":35}},"311":{"start":{"line":530,"column":2},"end":{"line":530,"column":20}},"312":{"start":{"line":531,"column":2},"end":{"line":531,"column":22}},"313":{"start":{"line":532,"column":2},"end":{"line":534,"column":5}},"314":{"start":{"line":513,"column":13},"end":{"line":513,"column":35}},"315":{"start":{"line":536,"column":35},"end":{"line":556,"column":2}},"316":{"start":{"line":536,"column":73},"end":{"line":556,"column":2}},"317":{"start":{"line":537,"column":31},"end":{"line":537,"column":39}},"318":{"start":{"line":538,"column":17},"end":{"line":538,"column":46}},"319":{"start":{"line":539,"column":15},"end":{"line":539,"column":42}},"320":{"start":{"line":540,"column":2},"end":{"line":544,"column":null}},"321":{"start":{"line":541,"column":4},"end":{"line":543,"column":7}},"322":{"start":{"line":545,"column":2},"end":{"line":547,"column":4}},"323":{"start":{"line":546,"column":17},"end":{"line":546,"column":37}},"324":{"start":{"line":548,"column":2},"end":{"line":550,"column":4}},"325":{"start":{"line":549,"column":17},"end":{"line":549,"column":35}},"326":{"start":{"line":551,"column":2},"end":{"line":551,"column":20}},"327":{"start":{"line":552,"column":2},"end":{"line":552,"column":22}},"328":{"start":{"line":553,"column":2},"end":{"line":555,"column":5}},"329":{"start":{"line":536,"column":13},"end":{"line":536,"column":35}},"330":{"start":{"line":557,"column":28},"end":{"line":573,"column":2}},"331":{"start":{"line":557,"column":66},"end":{"line":573,"column":2}},"332":{"start":{"line":558,"column":31},"end":{"line":558,"column":39}},"333":{"start":{"line":559,"column":17},"end":{"line":559,"column":46}},"334":{"start":{"line":560,"column":15},"end":{"line":560,"column":42}},"335":{"start":{"line":561,"column":2},"end":{"line":565,"column":null}},"336":{"start":{"line":562,"column":4},"end":{"line":564,"column":7}},"337":{"start":{"line":566,"column":2},"end":{"line":566,"column":76}},"338":{"start":{"line":566,"column":52},"end":{"line":566,"column":74}},"339":{"start":{"line":567,"column":2},"end":{"line":567,"column":78}},"340":{"start":{"line":567,"column":56},"end":{"line":567,"column":76}},"341":{"start":{"line":568,"column":2},"end":{"line":568,"column":20}},"342":{"start":{"line":569,"column":2},"end":{"line":569,"column":22}},"343":{"start":{"line":570,"column":2},"end":{"line":572,"column":5}},"344":{"start":{"line":557,"column":13},"end":{"line":557,"column":28}}},"fnMap":{"0":{"name":"(anonymous_8)","decl":{"start":{"line":8,"column":26},"end":{"line":8,"column":null}},"loc":{"start":{"line":11,"column":23},"end":{"line":59,"column":2}}},"1":{"name":"(anonymous_9)","decl":{"start":{"line":11,"column":23},"end":{"line":11,"column":null}},"loc":{"start":{"line":11,"column":23},"end":{"line":59,"column":1}}},"2":{"name":"(anonymous_10)","decl":{"start":{"line":61,"column":26},"end":{"line":61,"column":null}},"loc":{"start":{"line":64,"column":23},"end":{"line":76,"column":2}}},"3":{"name":"(anonymous_11)","decl":{"start":{"line":64,"column":23},"end":{"line":64,"column":null}},"loc":{"start":{"line":64,"column":23},"end":{"line":76,"column":1}}},"4":{"name":"(anonymous_12)","decl":{"start":{"line":77,"column":28},"end":{"line":77,"column":35}},"loc":{"start":{"line":77,"column":66},"end":{"line":90,"column":2}}},"5":{"name":"(anonymous_13)","decl":{"start":{"line":77,"column":66},"end":{"line":77,"column":null}},"loc":{"start":{"line":77,"column":66},"end":{"line":90,"column":1}}},"6":{"name":"(anonymous_14)","decl":{"start":{"line":93,"column":24},"end":{"line":93,"column":31}},"loc":{"start":{"line":93,"column":62},"end":{"line":109,"column":2}}},"7":{"name":"(anonymous_15)","decl":{"start":{"line":93,"column":62},"end":{"line":93,"column":null}},"loc":{"start":{"line":93,"column":62},"end":{"line":109,"column":1}}},"8":{"name":"(anonymous_16)","decl":{"start":{"line":111,"column":26},"end":{"line":111,"column":33}},"loc":{"start":{"line":111,"column":64},"end":{"line":136,"column":2}}},"9":{"name":"(anonymous_17)","decl":{"start":{"line":111,"column":64},"end":{"line":111,"column":null}},"loc":{"start":{"line":111,"column":64},"end":{"line":136,"column":1}}},"10":{"name":"(anonymous_18)","decl":{"start":{"line":138,"column":26},"end":{"line":138,"column":33}},"loc":{"start":{"line":138,"column":64},"end":{"line":161,"column":2}}},"11":{"name":"(anonymous_19)","decl":{"start":{"line":138,"column":64},"end":{"line":138,"column":null}},"loc":{"start":{"line":138,"column":64},"end":{"line":161,"column":1}}},"12":{"name":"(anonymous_20)","decl":{"start":{"line":154,"column":25},"end":{"line":154,"column":26}},"loc":{"start":{"line":154,"column":40},"end":{"line":154,"column":58}}},"13":{"name":"(anonymous_21)","decl":{"start":{"line":163,"column":24},"end":{"line":163,"column":31}},"loc":{"start":{"line":163,"column":62},"end":{"line":188,"column":2}}},"14":{"name":"(anonymous_22)","decl":{"start":{"line":163,"column":62},"end":{"line":163,"column":null}},"loc":{"start":{"line":163,"column":62},"end":{"line":188,"column":1}}},"15":{"name":"(anonymous_23)","decl":{"start":{"line":191,"column":29},"end":{"line":191,"column":36}},"loc":{"start":{"line":191,"column":67},"end":{"line":211,"column":2}}},"16":{"name":"(anonymous_24)","decl":{"start":{"line":191,"column":67},"end":{"line":191,"column":null}},"loc":{"start":{"line":191,"column":67},"end":{"line":211,"column":1}}},"17":{"name":"(anonymous_25)","decl":{"start":{"line":213,"column":27},"end":{"line":213,"column":34}},"loc":{"start":{"line":213,"column":65},"end":{"line":232,"column":2}}},"18":{"name":"(anonymous_26)","decl":{"start":{"line":213,"column":65},"end":{"line":213,"column":null}},"loc":{"start":{"line":213,"column":65},"end":{"line":232,"column":1}}},"19":{"name":"(anonymous_27)","decl":{"start":{"line":233,"column":26},"end":{"line":233,"column":33}},"loc":{"start":{"line":233,"column":64},"end":{"line":257,"column":2}}},"20":{"name":"(anonymous_28)","decl":{"start":{"line":233,"column":64},"end":{"line":233,"column":null}},"loc":{"start":{"line":233,"column":64},"end":{"line":257,"column":1}}},"21":{"name":"(anonymous_29)","decl":{"start":{"line":260,"column":25},"end":{"line":260,"column":32}},"loc":{"start":{"line":260,"column":63},"end":{"line":263,"column":2}}},"22":{"name":"(anonymous_30)","decl":{"start":{"line":260,"column":63},"end":{"line":260,"column":null}},"loc":{"start":{"line":260,"column":63},"end":{"line":263,"column":1}}},"23":{"name":"(anonymous_31)","decl":{"start":{"line":265,"column":27},"end":{"line":265,"column":34}},"loc":{"start":{"line":265,"column":65},"end":{"line":287,"column":2}}},"24":{"name":"(anonymous_32)","decl":{"start":{"line":265,"column":65},"end":{"line":265,"column":null}},"loc":{"start":{"line":265,"column":65},"end":{"line":287,"column":1}}},"25":{"name":"(anonymous_33)","decl":{"start":{"line":289,"column":27},"end":{"line":289,"column":34}},"loc":{"start":{"line":289,"column":65},"end":{"line":306,"column":2}}},"26":{"name":"(anonymous_34)","decl":{"start":{"line":289,"column":65},"end":{"line":289,"column":null}},"loc":{"start":{"line":289,"column":65},"end":{"line":306,"column":1}}},"27":{"name":"(anonymous_35)","decl":{"start":{"line":307,"column":25},"end":{"line":307,"column":32}},"loc":{"start":{"line":307,"column":63},"end":{"line":333,"column":2}}},"28":{"name":"(anonymous_36)","decl":{"start":{"line":307,"column":63},"end":{"line":307,"column":null}},"loc":{"start":{"line":307,"column":63},"end":{"line":333,"column":1}}},"29":{"name":"(anonymous_37)","decl":{"start":{"line":334,"column":26},"end":{"line":334,"column":33}},"loc":{"start":{"line":334,"column":64},"end":{"line":360,"column":2}}},"30":{"name":"(anonymous_38)","decl":{"start":{"line":334,"column":64},"end":{"line":334,"column":null}},"loc":{"start":{"line":334,"column":64},"end":{"line":360,"column":1}}},"31":{"name":"(anonymous_39)","decl":{"start":{"line":353,"column":39},"end":{"line":353,"column":40}},"loc":{"start":{"line":353,"column":51},"end":{"line":353,"column":68}}},"32":{"name":"(anonymous_40)","decl":{"start":{"line":355,"column":35},"end":{"line":355,"column":36}},"loc":{"start":{"line":355,"column":50},"end":{"line":355,"column":71}}},"33":{"name":"(anonymous_41)","decl":{"start":{"line":361,"column":26},"end":{"line":361,"column":33}},"loc":{"start":{"line":361,"column":64},"end":{"line":387,"column":2}}},"34":{"name":"(anonymous_42)","decl":{"start":{"line":361,"column":64},"end":{"line":361,"column":null}},"loc":{"start":{"line":361,"column":64},"end":{"line":387,"column":1}}},"35":{"name":"(anonymous_43)","decl":{"start":{"line":389,"column":28},"end":{"line":389,"column":35}},"loc":{"start":{"line":389,"column":66},"end":{"line":412,"column":2}}},"36":{"name":"(anonymous_44)","decl":{"start":{"line":389,"column":66},"end":{"line":389,"column":null}},"loc":{"start":{"line":389,"column":66},"end":{"line":412,"column":1}}},"37":{"name":"(anonymous_45)","decl":{"start":{"line":403,"column":47},"end":{"line":403,"column":48}},"loc":{"start":{"line":403,"column":59},"end":{"line":403,"column":76}}},"38":{"name":"(anonymous_46)","decl":{"start":{"line":406,"column":4},"end":{"line":406,"column":5}},"loc":{"start":{"line":406,"column":17},"end":{"line":406,"column":36}}},"39":{"name":"(anonymous_47)","decl":{"start":{"line":413,"column":28},"end":{"line":413,"column":35}},"loc":{"start":{"line":413,"column":66},"end":{"line":425,"column":2}}},"40":{"name":"(anonymous_48)","decl":{"start":{"line":413,"column":66},"end":{"line":413,"column":null}},"loc":{"start":{"line":413,"column":66},"end":{"line":425,"column":1}}},"41":{"name":"(anonymous_49)","decl":{"start":{"line":426,"column":27},"end":{"line":426,"column":34}},"loc":{"start":{"line":426,"column":65},"end":{"line":446,"column":2}}},"42":{"name":"(anonymous_50)","decl":{"start":{"line":426,"column":65},"end":{"line":426,"column":null}},"loc":{"start":{"line":426,"column":65},"end":{"line":446,"column":1}}},"43":{"name":"(anonymous_51)","decl":{"start":{"line":448,"column":27},"end":{"line":448,"column":34}},"loc":{"start":{"line":448,"column":65},"end":{"line":457,"column":2}}},"44":{"name":"(anonymous_52)","decl":{"start":{"line":448,"column":65},"end":{"line":448,"column":null}},"loc":{"start":{"line":448,"column":65},"end":{"line":457,"column":1}}},"45":{"name":"(anonymous_53)","decl":{"start":{"line":459,"column":24},"end":{"line":459,"column":31}},"loc":{"start":{"line":459,"column":62},"end":{"line":462,"column":2}}},"46":{"name":"(anonymous_54)","decl":{"start":{"line":459,"column":62},"end":{"line":459,"column":null}},"loc":{"start":{"line":459,"column":62},"end":{"line":462,"column":1}}},"47":{"name":"(anonymous_55)","decl":{"start":{"line":463,"column":25},"end":{"line":463,"column":32}},"loc":{"start":{"line":463,"column":63},"end":{"line":489,"column":2}}},"48":{"name":"(anonymous_56)","decl":{"start":{"line":463,"column":63},"end":{"line":463,"column":null}},"loc":{"start":{"line":463,"column":63},"end":{"line":489,"column":1}}},"49":{"name":"(anonymous_57)","decl":{"start":{"line":491,"column":33},"end":{"line":491,"column":40}},"loc":{"start":{"line":491,"column":71},"end":{"line":512,"column":2}}},"50":{"name":"(anonymous_58)","decl":{"start":{"line":491,"column":71},"end":{"line":491,"column":null}},"loc":{"start":{"line":491,"column":71},"end":{"line":512,"column":1}}},"51":{"name":"(anonymous_59)","decl":{"start":{"line":513,"column":35},"end":{"line":513,"column":42}},"loc":{"start":{"line":513,"column":73},"end":{"line":535,"column":2}}},"52":{"name":"(anonymous_60)","decl":{"start":{"line":513,"column":73},"end":{"line":513,"column":null}},"loc":{"start":{"line":513,"column":73},"end":{"line":535,"column":1}}},"53":{"name":"(anonymous_61)","decl":{"start":{"line":525,"column":4},"end":{"line":525,"column":5}},"loc":{"start":{"line":525,"column":17},"end":{"line":525,"column":37}}},"54":{"name":"(anonymous_62)","decl":{"start":{"line":528,"column":4},"end":{"line":528,"column":5}},"loc":{"start":{"line":528,"column":17},"end":{"line":528,"column":35}}},"55":{"name":"(anonymous_63)","decl":{"start":{"line":536,"column":35},"end":{"line":536,"column":42}},"loc":{"start":{"line":536,"column":73},"end":{"line":556,"column":2}}},"56":{"name":"(anonymous_64)","decl":{"start":{"line":536,"column":73},"end":{"line":536,"column":null}},"loc":{"start":{"line":536,"column":73},"end":{"line":556,"column":1}}},"57":{"name":"(anonymous_65)","decl":{"start":{"line":546,"column":4},"end":{"line":546,"column":5}},"loc":{"start":{"line":546,"column":17},"end":{"line":546,"column":37}}},"58":{"name":"(anonymous_66)","decl":{"start":{"line":549,"column":4},"end":{"line":549,"column":5}},"loc":{"start":{"line":549,"column":17},"end":{"line":549,"column":35}}},"59":{"name":"(anonymous_67)","decl":{"start":{"line":557,"column":28},"end":{"line":557,"column":35}},"loc":{"start":{"line":557,"column":66},"end":{"line":573,"column":2}}},"60":{"name":"(anonymous_68)","decl":{"start":{"line":557,"column":66},"end":{"line":557,"column":null}},"loc":{"start":{"line":557,"column":66},"end":{"line":573,"column":1}}},"61":{"name":"(anonymous_69)","decl":{"start":{"line":566,"column":37},"end":{"line":566,"column":38}},"loc":{"start":{"line":566,"column":52},"end":{"line":566,"column":74}}},"62":{"name":"(anonymous_70)","decl":{"start":{"line":567,"column":41},"end":{"line":567,"column":42}},"loc":{"start":{"line":567,"column":56},"end":{"line":567,"column":76}}}},"branchMap":{"0":{"loc":{"start":{"line":25,"column":2},"end":{"line":29,"column":null}},"type":"if","locations":[{"start":{"line":25,"column":2},"end":{"line":29,"column":null}}]},"1":{"loc":{"start":{"line":67,"column":2},"end":{"line":71,"column":null}},"type":"if","locations":[{"start":{"line":67,"column":2},"end":{"line":71,"column":null}}]},"2":{"loc":{"start":{"line":80,"column":2},"end":{"line":84,"column":null}},"type":"if","locations":[{"start":{"line":80,"column":2},"end":{"line":84,"column":null}}]},"3":{"loc":{"start":{"line":96,"column":2},"end":{"line":100,"column":null}},"type":"if","locations":[{"start":{"line":96,"column":2},"end":{"line":100,"column":null}}]},"4":{"loc":{"start":{"line":115,"column":2},"end":{"line":119,"column":null}},"type":"if","locations":[{"start":{"line":115,"column":2},"end":{"line":119,"column":null}}]},"5":{"loc":{"start":{"line":141,"column":2},"end":{"line":145,"column":null}},"type":"if","locations":[{"start":{"line":141,"column":2},"end":{"line":145,"column":null}}]},"6":{"loc":{"start":{"line":147,"column":2},"end":{"line":151,"column":null}},"type":"if","locations":[{"start":{"line":147,"column":2},"end":{"line":151,"column":null}}]},"7":{"loc":{"start":{"line":166,"column":2},"end":{"line":170,"column":null}},"type":"if","locations":[{"start":{"line":166,"column":2},"end":{"line":170,"column":null}}]},"8":{"loc":{"start":{"line":172,"column":2},"end":{"line":176,"column":null}},"type":"if","locations":[{"start":{"line":172,"column":2},"end":{"line":176,"column":null}}]},"9":{"loc":{"start":{"line":177,"column":2},"end":{"line":183,"column":null}},"type":"if","locations":[{"start":{"line":177,"column":2},"end":{"line":183,"column":null}}]},"10":{"loc":{"start":{"line":195,"column":2},"end":{"line":199,"column":null}},"type":"if","locations":[{"start":{"line":195,"column":2},"end":{"line":199,"column":null}}]},"11":{"loc":{"start":{"line":214,"column":2},"end":{"line":218,"column":null}},"type":"if","locations":[{"start":{"line":214,"column":2},"end":{"line":218,"column":null}}]},"12":{"loc":{"start":{"line":221,"column":2},"end":{"line":225,"column":null}},"type":"if","locations":[{"start":{"line":221,"column":2},"end":{"line":225,"column":null}}]},"13":{"loc":{"start":{"line":236,"column":2},"end":{"line":240,"column":null}},"type":"if","locations":[{"start":{"line":236,"column":2},"end":{"line":240,"column":null}}]},"14":{"loc":{"start":{"line":242,"column":2},"end":{"line":246,"column":null}},"type":"if","locations":[{"start":{"line":242,"column":2},"end":{"line":246,"column":null}}]},"15":{"loc":{"start":{"line":247,"column":2},"end":{"line":251,"column":null}},"type":"if","locations":[{"start":{"line":247,"column":2},"end":{"line":251,"column":null}}]},"16":{"loc":{"start":{"line":269,"column":2},"end":{"line":273,"column":null}},"type":"if","locations":[{"start":{"line":269,"column":2},"end":{"line":273,"column":null}}]},"17":{"loc":{"start":{"line":292,"column":2},"end":{"line":296,"column":null}},"type":"if","locations":[{"start":{"line":292,"column":2},"end":{"line":296,"column":null}}]},"18":{"loc":{"start":{"line":297,"column":2},"end":{"line":302,"column":null}},"type":"if","locations":[{"start":{"line":297,"column":2},"end":{"line":302,"column":null}}]},"19":{"loc":{"start":{"line":310,"column":2},"end":{"line":314,"column":null}},"type":"if","locations":[{"start":{"line":310,"column":2},"end":{"line":314,"column":null}}]},"20":{"loc":{"start":{"line":316,"column":2},"end":{"line":320,"column":null}},"type":"if","locations":[{"start":{"line":316,"column":2},"end":{"line":320,"column":null}}]},"21":{"loc":{"start":{"line":321,"column":2},"end":{"line":325,"column":null}},"type":"if","locations":[{"start":{"line":321,"column":2},"end":{"line":325,"column":null}}]},"22":{"loc":{"start":{"line":337,"column":2},"end":{"line":341,"column":null}},"type":"if","locations":[{"start":{"line":337,"column":2},"end":{"line":341,"column":null}}]},"23":{"loc":{"start":{"line":343,"column":2},"end":{"line":347,"column":null}},"type":"if","locations":[{"start":{"line":343,"column":2},"end":{"line":347,"column":null}}]},"24":{"loc":{"start":{"line":348,"column":2},"end":{"line":352,"column":null}},"type":"if","locations":[{"start":{"line":348,"column":2},"end":{"line":352,"column":null}}]},"25":{"loc":{"start":{"line":364,"column":2},"end":{"line":368,"column":null}},"type":"if","locations":[{"start":{"line":364,"column":2},"end":{"line":368,"column":null}}]},"26":{"loc":{"start":{"line":370,"column":2},"end":{"line":374,"column":null}},"type":"if","locations":[{"start":{"line":370,"column":2},"end":{"line":374,"column":null}}]},"27":{"loc":{"start":{"line":375,"column":2},"end":{"line":379,"column":null}},"type":"if","locations":[{"start":{"line":375,"column":2},"end":{"line":379,"column":null}}]},"28":{"loc":{"start":{"line":392,"column":2},"end":{"line":396,"column":null}},"type":"if","locations":[{"start":{"line":392,"column":2},"end":{"line":396,"column":null}}]},"29":{"loc":{"start":{"line":398,"column":2},"end":{"line":402,"column":null}},"type":"if","locations":[{"start":{"line":398,"column":2},"end":{"line":402,"column":null}}]},"30":{"loc":{"start":{"line":416,"column":2},"end":{"line":420,"column":null}},"type":"if","locations":[{"start":{"line":416,"column":2},"end":{"line":420,"column":null}}]},"31":{"loc":{"start":{"line":429,"column":2},"end":{"line":433,"column":null}},"type":"if","locations":[{"start":{"line":429,"column":2},"end":{"line":433,"column":null}}]},"32":{"loc":{"start":{"line":435,"column":2},"end":{"line":439,"column":null}},"type":"if","locations":[{"start":{"line":435,"column":2},"end":{"line":439,"column":null}}]},"33":{"loc":{"start":{"line":451,"column":2},"end":{"line":455,"column":null}},"type":"if","locations":[{"start":{"line":451,"column":2},"end":{"line":455,"column":null}}]},"34":{"loc":{"start":{"line":466,"column":2},"end":{"line":470,"column":null}},"type":"if","locations":[{"start":{"line":466,"column":2},"end":{"line":470,"column":null}}]},"35":{"loc":{"start":{"line":472,"column":2},"end":{"line":476,"column":null}},"type":"if","locations":[{"start":{"line":472,"column":2},"end":{"line":476,"column":null}}]},"36":{"loc":{"start":{"line":477,"column":2},"end":{"line":481,"column":null}},"type":"if","locations":[{"start":{"line":477,"column":2},"end":{"line":481,"column":null}}]},"37":{"loc":{"start":{"line":495,"column":2},"end":{"line":499,"column":null}},"type":"if","locations":[{"start":{"line":495,"column":2},"end":{"line":499,"column":null}}]},"38":{"loc":{"start":{"line":495,"column":6},"end":{"line":495,"column":22}},"type":"binary-expr","locations":[{"start":{"line":495,"column":6},"end":{"line":495,"column":11}},{"start":{"line":495,"column":15},"end":{"line":495,"column":22}}]},"39":{"loc":{"start":{"line":500,"column":2},"end":{"line":504,"column":null}},"type":"if","locations":[{"start":{"line":500,"column":2},"end":{"line":504,"column":null}}]},"40":{"loc":{"start":{"line":517,"column":2},"end":{"line":521,"column":null}},"type":"if","locations":[{"start":{"line":517,"column":2},"end":{"line":521,"column":null}}]},"41":{"loc":{"start":{"line":517,"column":6},"end":{"line":517,"column":22}},"type":"binary-expr","locations":[{"start":{"line":517,"column":6},"end":{"line":517,"column":11}},{"start":{"line":517,"column":15},"end":{"line":517,"column":22}}]},"42":{"loc":{"start":{"line":540,"column":2},"end":{"line":544,"column":null}},"type":"if","locations":[{"start":{"line":540,"column":2},"end":{"line":544,"column":null}}]},"43":{"loc":{"start":{"line":540,"column":6},"end":{"line":540,"column":22}},"type":"binary-expr","locations":[{"start":{"line":540,"column":6},"end":{"line":540,"column":11}},{"start":{"line":540,"column":15},"end":{"line":540,"column":22}}]},"44":{"loc":{"start":{"line":561,"column":2},"end":{"line":565,"column":null}},"type":"if","locations":[{"start":{"line":561,"column":2},"end":{"line":565,"column":null}}]},"45":{"loc":{"start":{"line":561,"column":6},"end":{"line":561,"column":22}},"type":"binary-expr","locations":[{"start":{"line":561,"column":6},"end":{"line":561,"column":11}},{"start":{"line":561,"column":15},"end":{"line":561,"column":22}}]}},"s":{"0":2,"1":2,"2":2,"3":2,"4":2,"5":2,"6":2,"7":2,"8":2,"9":2,"10":1,"11":1,"12":1,"13":1,"14":1,"15":1,"16":1,"17":1,"18":1,"19":1,"20":1,"21":1,"22":2,"23":2,"24":2,"25":2,"26":0,"27":0,"28":0,"29":0,"30":0,"31":2,"32":2,"33":2,"34":2,"35":2,"36":2,"37":1,"38":1,"39":1,"40":1,"41":2,"42":2,"43":0,"44":0,"45":0,"46":0,"47":0,"48":0,"49":0,"50":0,"51":0,"52":2,"53":2,"54":2,"55":2,"56":2,"57":2,"58":1,"59":1,"60":1,"61":1,"62":0,"63":0,"64":2,"65":2,"66":3,"67":3,"68":0,"69":0,"70":0,"71":0,"72":0,"73":0,"74":0,"75":0,"76":0,"77":0,"78":0,"79":2,"80":2,"81":4,"82":4,"83":4,"84":4,"85":1,"86":3,"87":3,"88":1,"89":2,"90":1,"91":1,"92":1,"93":1,"94":2,"95":2,"96":2,"97":2,"98":2,"99":2,"100":2,"101":1,"102":1,"103":1,"104":2,"105":2,"106":4,"107":4,"108":1,"109":3,"110":3,"111":3,"112":1,"113":2,"114":1,"115":1,"116":2,"117":2,"118":4,"119":4,"120":4,"121":4,"122":1,"123":3,"124":3,"125":1,"126":2,"127":1,"128":1,"129":1,"130":1,"131":2,"132":2,"133":0,"134":0,"135":0,"136":2,"137":2,"138":2,"139":2,"140":2,"141":2,"142":2,"143":1,"144":1,"145":1,"146":1,"147":1,"148":1,"149":0,"150":2,"151":2,"152":3,"153":3,"154":3,"155":3,"156":1,"157":2,"158":1,"159":1,"160":1,"161":2,"162":2,"163":4,"164":4,"165":4,"166":4,"167":1,"168":3,"169":3,"170":1,"171":2,"172":1,"173":1,"174":1,"175":1,"176":1,"177":1,"178":2,"179":2,"180":4,"181":4,"182":4,"183":4,"184":1,"185":3,"186":3,"187":1,"188":2,"189":1,"190":1,"191":1,"192":1,"193":1,"194":1,"195":1,"196":1,"197":2,"198":2,"199":4,"200":4,"201":4,"202":4,"203":1,"204":3,"205":3,"206":1,"207":2,"208":1,"209":1,"210":1,"211":1,"212":1,"213":1,"214":2,"215":2,"216":3,"217":3,"218":3,"219":3,"220":1,"221":2,"222":2,"223":1,"224":1,"225":1,"226":1,"227":1,"228":1,"229":1,"230":1,"231":2,"232":2,"233":2,"234":2,"235":2,"236":2,"237":1,"238":1,"239":2,"240":2,"241":0,"242":0,"243":0,"244":0,"245":0,"246":0,"247":0,"248":0,"249":0,"250":0,"251":0,"252":2,"253":2,"254":2,"255":2,"256":2,"257":2,"258":1,"259":1,"260":2,"261":2,"262":0,"263":0,"264":0,"265":2,"266":2,"267":0,"268":0,"269":0,"270":0,"271":0,"272":0,"273":0,"274":0,"275":0,"276":0,"277":0,"278":0,"279":0,"280":0,"281":0,"282":2,"283":2,"284":3,"285":3,"286":3,"287":3,"288":3,"289":1,"290":2,"291":1,"292":1,"293":1,"294":1,"295":1,"296":1,"297":2,"298":2,"299":2,"300":2,"301":2,"302":2,"303":2,"304":1,"305":1,"306":1,"307":1,"308":0,"309":1,"310":0,"311":1,"312":1,"313":1,"314":2,"315":2,"316":2,"317":2,"318":2,"319":2,"320":2,"321":1,"322":1,"323":0,"324":1,"325":0,"326":1,"327":1,"328":1,"329":2,"330":2,"331":2,"332":2,"333":2,"334":2,"335":2,"336":1,"337":1,"338":0,"339":1,"340":0,"341":1,"342":1,"343":1,"344":2},"f":{"0":2,"1":2,"2":2,"3":2,"4":2,"5":2,"6":0,"7":0,"8":2,"9":2,"10":3,"11":3,"12":0,"13":4,"14":4,"15":2,"16":2,"17":4,"18":4,"19":4,"20":4,"21":0,"22":0,"23":2,"24":2,"25":3,"26":3,"27":4,"28":4,"29":4,"30":4,"31":1,"32":1,"33":4,"34":4,"35":3,"36":3,"37":1,"38":1,"39":2,"40":2,"41":0,"42":0,"43":2,"44":2,"45":0,"46":0,"47":0,"48":0,"49":3,"50":3,"51":2,"52":2,"53":0,"54":0,"55":2,"56":2,"57":0,"58":0,"59":2,"60":2,"61":0,"62":0},"b":{"0":[1],"1":[0],"2":[1],"3":[0],"4":[1],"5":[0],"6":[0],"7":[1],"8":[1],"9":[1],"10":[1],"11":[1],"12":[1],"13":[1],"14":[1],"15":[1],"16":[1],"17":[1],"18":[1],"19":[1],"20":[1],"21":[1],"22":[1],"23":[1],"24":[1],"25":[1],"26":[1],"27":[1],"28":[1],"29":[1],"30":[1],"31":[0],"32":[0],"33":[1],"34":[0],"35":[0],"36":[0],"37":[1],"38":[3,2],"39":[1],"40":[1],"41":[2,1],"42":[1],"43":[2,1],"44":[1],"45":[2,1]}}
,"/home/juanma42/Documentos/Curso_skylab/curso/juanma-taboada-final-project-202110/server/controllers/generic.controller.ts": {"path":"/home/juanma42/Documentos/Curso_skylab/curso/juanma-taboada-final-project-202110/server/controllers/generic.controller.ts","statementMap":{"0":{"start":{"line":2,"column":0},"end":{"line":2,"column":40}},"1":{"start":{"line":3,"column":0},"end":{"line":3,"column":40}},"2":{"start":{"line":5,"column":27},"end":{"line":11,"column":2}},"3":{"start":{"line":8,"column":23},"end":{"line":11,"column":2}},"4":{"start":{"line":9,"column":19},"end":{"line":9,"column":39}},"5":{"start":{"line":10,"column":2},"end":{"line":10,"column":28}},"6":{"start":{"line":5,"column":13},"end":{"line":5,"column":27}},"7":{"start":{"line":13,"column":27},"end":{"line":19,"column":2}},"8":{"start":{"line":16,"column":23},"end":{"line":19,"column":2}},"9":{"start":{"line":17,"column":19},"end":{"line":17,"column":39}},"10":{"start":{"line":18,"column":2},"end":{"line":18,"column":28}},"11":{"start":{"line":13,"column":13},"end":{"line":13,"column":27}},"12":{"start":{"line":21,"column":27},"end":{"line":42,"column":2}},"13":{"start":{"line":24,"column":23},"end":{"line":42,"column":2}},"14":{"start":{"line":25,"column":2},"end":{"line":33,"column":null}},"15":{"start":{"line":32,"column":4},"end":{"line":32,"column":57}},"16":{"start":{"line":35,"column":18},"end":{"line":35,"column":64}},"17":{"start":{"line":36,"column":2},"end":{"line":38,"column":null}},"18":{"start":{"line":37,"column":4},"end":{"line":37,"column":71}},"19":{"start":{"line":40,"column":21},"end":{"line":40,"column":51}},"20":{"start":{"line":41,"column":2},"end":{"line":41,"column":42}},"21":{"start":{"line":21,"column":13},"end":{"line":21,"column":27}}},"fnMap":{"0":{"name":"(anonymous_8)","decl":{"start":{"line":5,"column":27},"end":{"line":5,"column":null}},"loc":{"start":{"line":8,"column":23},"end":{"line":11,"column":2}}},"1":{"name":"(anonymous_9)","decl":{"start":{"line":8,"column":23},"end":{"line":8,"column":null}},"loc":{"start":{"line":8,"column":23},"end":{"line":11,"column":1}}},"2":{"name":"(anonymous_10)","decl":{"start":{"line":13,"column":27},"end":{"line":13,"column":null}},"loc":{"start":{"line":16,"column":23},"end":{"line":19,"column":2}}},"3":{"name":"(anonymous_11)","decl":{"start":{"line":16,"column":23},"end":{"line":16,"column":null}},"loc":{"start":{"line":16,"column":23},"end":{"line":19,"column":1}}},"4":{"name":"(anonymous_12)","decl":{"start":{"line":21,"column":27},"end":{"line":21,"column":null}},"loc":{"start":{"line":24,"column":23},"end":{"line":42,"column":2}}},"5":{"name":"(anonymous_13)","decl":{"start":{"line":24,"column":23},"end":{"line":24,"column":null}},"loc":{"start":{"line":24,"column":23},"end":{"line":42,"column":1}}}},"branchMap":{"0":{"loc":{"start":{"line":25,"column":2},"end":{"line":33,"column":null}},"type":"if","locations":[{"start":{"line":25,"column":2},"end":{"line":33,"column":null}}]},"1":{"loc":{"start":{"line":26,"column":4},"end":{"line":30,"column":20}},"type":"binary-expr","locations":[{"start":{"line":26,"column":4},"end":{"line":26,"column":18}},{"start":{"line":27,"column":4},"end":{"line":27,"column":21}},{"start":{"line":28,"column":4},"end":{"line":28,"column":18}},{"start":{"line":29,"column":4},"end":{"line":29,"column":21}},{"start":{"line":30,"column":4},"end":{"line":30,"column":20}}]},"2":{"loc":{"start":{"line":36,"column":2},"end":{"line":38,"column":null}},"type":"if","locations":[{"start":{"line":36,"column":2},"end":{"line":38,"column":null}}]}},"s":{"0":2,"1":2,"2":2,"3":1,"4":1,"5":1,"6":2,"7":2,"8":1,"9":1,"10":1,"11":2,"12":2,"13":3,"14":3,"15":1,"16":2,"17":2,"18":1,"19":1,"20":1,"21":2},"f":{"0":1,"1":1,"2":1,"3":1,"4":3,"5":3},"b":{"0":[1],"1":[3,3,3,2,2],"2":[1]}}
,"/home/juanma42/Documentos/Curso_skylab/curso/juanma-taboada-final-project-202110/server/controllers/user.controller.ts": {"path":"/home/juanma42/Documentos/Curso_skylab/curso/juanma-taboada-final-project-202110/server/controllers/user.controller.ts","statementMap":{"0":{"start":{"line":2,"column":0},"end":{"line":2,"column":31}},"1":{"start":{"line":3,"column":0},"end":{"line":3,"column":45}},"2":{"start":{"line":4,"column":0},"end":{"line":4,"column":38}},"3":{"start":{"line":7,"column":2},"end":{"line":9,"column":5}},"4":{"start":{"line":12,"column":22},"end":{"line":47,"column":2}},"5":{"start":{"line":15,"column":23},"end":{"line":47,"column":2}},"6":{"start":{"line":16,"column":2},"end":{"line":20,"column":null}},"7":{"start":{"line":17,"column":4},"end":{"line":19,"column":61}},"8":{"start":{"line":22,"column":15},"end":{"line":22,"column":60}},"9":{"start":{"line":23,"column":2},"end":{"line":25,"column":null}},"10":{"start":{"line":24,"column":4},"end":{"line":24,"column":68}},"11":{"start":{"line":27,"column":18},"end":{"line":27,"column":45}},"12":{"start":{"line":28,"column":2},"end":{"line":46,"column":5}},"13":{"start":{"line":12,"column":13},"end":{"line":12,"column":22}},"14":{"start":{"line":49,"column":22},"end":{"line":90,"column":2}},"15":{"start":{"line":52,"column":23},"end":{"line":90,"column":2}},"16":{"start":{"line":53,"column":2},"end":{"line":57,"column":null}},"17":{"start":{"line":54,"column":4},"end":{"line":56,"column":61}},"18":{"start":{"line":59,"column":15},"end":{"line":59,"column":60}},"19":{"start":{"line":60,"column":2},"end":{"line":62,"column":null}},"20":{"start":{"line":61,"column":4},"end":{"line":61,"column":69}},"21":{"start":{"line":64,"column":18},"end":{"line":64,"column":63}},"22":{"start":{"line":65,"column":2},"end":{"line":85,"column":null}},"23":{"start":{"line":66,"column":4},"end":{"line":84,"column":7}},"24":{"start":{"line":87,"column":2},"end":{"line":89,"column":5}},"25":{"start":{"line":49,"column":13},"end":{"line":49,"column":22}}},"fnMap":{"0":{"name":"createToken","decl":{"start":{"line":6,"column":9},"end":{"line":6,"column":20}},"loc":{"start":{"line":6,"column":32},"end":{"line":10,"column":1}}},"1":{"name":"(anonymous_9)","decl":{"start":{"line":12,"column":22},"end":{"line":12,"column":null}},"loc":{"start":{"line":15,"column":23},"end":{"line":47,"column":2}}},"2":{"name":"(anonymous_10)","decl":{"start":{"line":15,"column":23},"end":{"line":15,"column":null}},"loc":{"start":{"line":15,"column":23},"end":{"line":47,"column":1}}},"3":{"name":"(anonymous_11)","decl":{"start":{"line":49,"column":22},"end":{"line":49,"column":null}},"loc":{"start":{"line":52,"column":23},"end":{"line":90,"column":2}}},"4":{"name":"(anonymous_12)","decl":{"start":{"line":52,"column":23},"end":{"line":52,"column":null}},"loc":{"start":{"line":52,"column":23},"end":{"line":90,"column":1}}}},"branchMap":{"0":{"loc":{"start":{"line":16,"column":2},"end":{"line":20,"column":null}},"type":"if","locations":[{"start":{"line":16,"column":2},"end":{"line":20,"column":null}}]},"1":{"loc":{"start":{"line":16,"column":6},"end":{"line":16,"column":43}},"type":"binary-expr","locations":[{"start":{"line":16,"column":6},"end":{"line":16,"column":21}},{"start":{"line":16,"column":25},"end":{"line":16,"column":43}}]},"2":{"loc":{"start":{"line":23,"column":2},"end":{"line":25,"column":null}},"type":"if","locations":[{"start":{"line":23,"column":2},"end":{"line":25,"column":null}}]},"3":{"loc":{"start":{"line":53,"column":2},"end":{"line":57,"column":null}},"type":"if","locations":[{"start":{"line":53,"column":2},"end":{"line":57,"column":null}}]},"4":{"loc":{"start":{"line":53,"column":6},"end":{"line":53,"column":43}},"type":"binary-expr","locations":[{"start":{"line":53,"column":6},"end":{"line":53,"column":21}},{"start":{"line":53,"column":25},"end":{"line":53,"column":43}}]},"5":{"loc":{"start":{"line":60,"column":2},"end":{"line":62,"column":null}},"type":"if","locations":[{"start":{"line":60,"column":2},"end":{"line":62,"column":null}}]},"6":{"loc":{"start":{"line":65,"column":2},"end":{"line":85,"column":null}},"type":"if","locations":[{"start":{"line":65,"column":2},"end":{"line":85,"column":null}}]}},"s":{"0":2,"1":2,"2":2,"3":2,"4":2,"5":3,"6":3,"7":1,"8":2,"9":2,"10":1,"11":1,"12":1,"13":2,"14":2,"15":4,"16":4,"17":1,"18":3,"19":3,"20":1,"21":2,"22":2,"23":1,"24":1,"25":2},"f":{"0":2,"1":3,"2":3,"3":4,"4":4},"b":{"0":[1],"1":[3,2],"2":[1],"3":[1],"4":[4,3],"5":[1],"6":[1]}}
,"/home/juanma42/Documentos/Curso_skylab/curso/juanma-taboada-final-project-202110/server/middleware/passport.ts": {"path":"/home/juanma42/Documentos/Curso_skylab/curso/juanma-taboada-final-project-202110/server/middleware/passport.ts","statementMap":{"0":{"start":{"line":1,"column":0},"end":{"line":1,"column":69}},"1":{"start":{"line":2,"column":0},"end":{"line":2,"column":34}},"2":{"start":{"line":3,"column":0},"end":{"line":3,"column":38}},"3":{"start":{"line":5,"column":30},"end":{"line":8,"column":2}},"4":{"start":{"line":11,"column":0},"end":{"line":21,"column":6}},"5":{"start":{"line":11,"column":59},"end":{"line":21,"column":4}},"6":{"start":{"line":12,"column":4},"end":{"line":20,"column":null}},"7":{"start":{"line":13,"column":19},"end":{"line":13,"column":50}},"8":{"start":{"line":14,"column":6},"end":{"line":16,"column":null}},"9":{"start":{"line":15,"column":8},"end":{"line":15,"column":32}},"10":{"start":{"line":17,"column":6},"end":{"line":17,"column":31}},"11":{"start":{"line":19,"column":6},"end":{"line":19,"column":25}}},"fnMap":{"0":{"name":"(anonymous_8)","decl":{"start":{"line":11,"column":35},"end":{"line":11,"column":42}},"loc":{"start":{"line":11,"column":59},"end":{"line":21,"column":4}}},"1":{"name":"(anonymous_9)","decl":{"start":{"line":11,"column":59},"end":{"line":11,"column":null}},"loc":{"start":{"line":11,"column":59},"end":{"line":21,"column":3}}}},"branchMap":{"0":{"loc":{"start":{"line":14,"column":6},"end":{"line":16,"column":null}},"type":"if","locations":[{"start":{"line":14,"column":6},"end":{"line":16,"column":null}}]}},"s":{"0":2,"1":2,"2":2,"3":2,"4":2,"5":0,"6":0,"7":0,"8":0,"9":0,"10":0,"11":0},"f":{"0":0,"1":0},"b":{"0":[0]}}
,"/home/juanma42/Documentos/Curso_skylab/curso/juanma-taboada-final-project-202110/server/models/dogspot.ts": {"path":"/home/juanma42/Documentos/Curso_skylab/curso/juanma-taboada-final-project-202110/server/models/dogspot.ts","statementMap":{"0":{"start":{"line":1,"column":0},"end":{"line":1,"column":51}},"1":{"start":{"line":11,"column":22},"end":{"line":17,"column":2}},"2":{"start":{"line":19,"column":0},"end":{"line":19,"column":57}}},"fnMap":{},"branchMap":{},"s":{"0":3,"1":3,"2":3},"f":{},"b":{}}
,"/home/juanma42/Documentos/Curso_skylab/curso/juanma-taboada-final-project-202110/server/models/group.ts": {"path":"/home/juanma42/Documentos/Curso_skylab/curso/juanma-taboada-final-project-202110/server/models/group.ts","statementMap":{"0":{"start":{"line":1,"column":0},"end":{"line":1,"column":51}},"1":{"start":{"line":14,"column":20},"end":{"line":33,"column":2}},"2":{"start":{"line":35,"column":0},"end":{"line":35,"column":51}}},"fnMap":{},"branchMap":{},"s":{"0":2,"1":2,"2":2},"f":{},"b":{}}
,"/home/juanma42/Documentos/Curso_skylab/curso/juanma-taboada-final-project-202110/server/models/post.ts": {"path":"/home/juanma42/Documentos/Curso_skylab/curso/juanma-taboada-final-project-202110/server/models/post.ts","statementMap":{"0":{"start":{"line":1,"column":0},"end":{"line":1,"column":51}},"1":{"start":{"line":13,"column":19},"end":{"line":24,"column":2}},"2":{"start":{"line":26,"column":0},"end":{"line":26,"column":48}}},"fnMap":{},"branchMap":{},"s":{"0":2,"1":2,"2":2},"f":{},"b":{}}
,"/home/juanma42/Documentos/Curso_skylab/curso/juanma-taboada-final-project-202110/server/models/shelter.ts": {"path":"/home/juanma42/Documentos/Curso_skylab/curso/juanma-taboada-final-project-202110/server/models/shelter.ts","statementMap":{"0":{"start":{"line":1,"column":0},"end":{"line":1,"column":51}},"1":{"start":{"line":11,"column":22},"end":{"line":17,"column":2}},"2":{"start":{"line":19,"column":0},"end":{"line":19,"column":57}}},"fnMap":{},"branchMap":{},"s":{"0":2,"1":2,"2":2},"f":{},"b":{}}
,"/home/juanma42/Documentos/Curso_skylab/curso/juanma-taboada-final-project-202110/server/models/user.ts": {"path":"/home/juanma42/Documentos/Curso_skylab/curso/juanma-taboada-final-project-202110/server/models/user.ts","statementMap":{"0":{"start":{"line":4,"column":0},"end":{"line":4,"column":51}},"1":{"start":{"line":5,"column":0},"end":{"line":5,"column":28}},"2":{"start":{"line":26,"column":19},"end":{"line":56,"column":2}},"3":{"start":{"line":59,"column":0},"end":{"line":69,"column":3}},"4":{"start":{"line":60,"column":15},"end":{"line":60,"column":19}},"5":{"start":{"line":62,"column":2},"end":{"line":62,"column":50}},"6":{"start":{"line":62,"column":36},"end":{"line":62,"column":50}},"7":{"start":{"line":64,"column":15},"end":{"line":64,"column":39}},"8":{"start":{"line":65,"column":15},"end":{"line":65,"column":53}},"9":{"start":{"line":66,"column":2},"end":{"line":66,"column":23}},"10":{"start":{"line":68,"column":2},"end":{"line":68,"column":9}},"11":{"start":{"line":71,"column":0},"end":{"line":75,"column":2}},"12":{"start":{"line":74,"column":2},"end":{"line":74,"column":55}},"13":{"start":{"line":77,"column":0},"end":{"line":77,"column":48}}},"fnMap":{"0":{"name":"(anonymous_8)","decl":{"start":{"line":59,"column":30},"end":{"line":59,"column":46}},"loc":{"start":{"line":59,"column":50},"end":{"line":69,"column":2}}},"1":{"name":"(anonymous_10)","decl":{"start":{"line":71,"column":37},"end":{"line":71,"column":null}},"loc":{"start":{"line":72,"column":18},"end":{"line":75,"column":2}}}},"branchMap":{"0":{"loc":{"start":{"line":62,"column":2},"end":{"line":62,"column":50}},"type":"if","locations":[{"start":{"line":62,"column":2},"end":{"line":62,"column":50}}]}},"s":{"0":4,"1":4,"2":4,"3":4,"4":0,"5":0,"6":0,"7":0,"8":0,"9":0,"10":0,"11":4,"12":0,"13":4},"f":{"0":0,"1":0},"b":{"0":[0]}}
,"/home/juanma42/Documentos/Curso_skylab/curso/juanma-taboada-final-project-202110/server/routes/auth.routes.ts": {"path":"/home/juanma42/Documentos/Curso_skylab/curso/juanma-taboada-final-project-202110/server/routes/auth.routes.ts","statementMap":{"0":{"start":{"line":1,"column":0},"end":{"line":1,"column":33}},"1":{"start":{"line":2,"column":0},"end":{"line":2,"column":63}},"2":{"start":{"line":4,"column":15},"end":{"line":4,"column":23}},"3":{"start":{"line":6,"column":0},"end":{"line":6,"column":31}},"4":{"start":{"line":7,"column":0},"end":{"line":7,"column":31}},"5":{"start":{"line":8,"column":0},"end":{"line":8,"column":22}}},"fnMap":{},"branchMap":{},"s":{"0":1,"1":1,"2":1,"3":1,"4":1,"5":1},"f":{},"b":{}}
,"/home/juanma42/Documentos/Curso_skylab/curso/juanma-taboada-final-project-202110/server/routes/authUser.routes.ts": {"path":"/home/juanma42/Documentos/Curso_skylab/curso/juanma-taboada-final-project-202110/server/routes/authUser.routes.ts","statementMap":{"0":{"start":{"line":1,"column":0},"end":{"line":1,"column":33}},"1":{"start":{"line":2,"column":0},"end":{"line":2,"column":32}},"2":{"start":{"line":4,"column":0},"end":{"line":4,"column":null}},"3":{"start":{"line":33,"column":15},"end":{"line":33,"column":23}},"4":{"start":{"line":35,"column":0},"end":{"line":39,"column":2}},"5":{"start":{"line":40,"column":0},"end":{"line":44,"column":2}},"6":{"start":{"line":46,"column":0},"end":{"line":50,"column":2}},"7":{"start":{"line":51,"column":0},"end":{"line":55,"column":2}},"8":{"start":{"line":56,"column":0},"end":{"line":60,"column":2}},"9":{"start":{"line":69,"column":0},"end":{"line":73,"column":2}},"10":{"start":{"line":74,"column":0},"end":{"line":74,"column":48}},"11":{"start":{"line":75,"column":0},"end":{"line":79,"column":2}},"12":{"start":{"line":80,"column":0},"end":{"line":84,"column":2}},"13":{"start":{"line":86,"column":0},"end":{"line":86,"column":33}},"14":{"start":{"line":87,"column":0},"end":{"line":91,"column":2}},"15":{"start":{"line":92,"column":0},"end":{"line":96,"column":2}},"16":{"start":{"line":97,"column":0},"end":{"line":101,"column":2}},"17":{"start":{"line":102,"column":0},"end":{"line":106,"column":2}},"18":{"start":{"line":107,"column":0},"end":{"line":111,"column":2}},"19":{"start":{"line":112,"column":0},"end":{"line":116,"column":2}},"20":{"start":{"line":117,"column":0},"end":{"line":121,"column":2}},"21":{"start":{"line":122,"column":0},"end":{"line":126,"column":2}},"22":{"start":{"line":128,"column":0},"end":{"line":132,"column":2}},"23":{"start":{"line":133,"column":0},"end":{"line":133,"column":31}},"24":{"start":{"line":134,"column":0},"end":{"line":138,"column":2}},"25":{"start":{"line":139,"column":0},"end":{"line":143,"column":2}},"26":{"start":{"line":144,"column":0},"end":{"line":148,"column":2}},"27":{"start":{"line":149,"column":0},"end":{"line":153,"column":2}},"28":{"start":{"line":154,"column":0},"end":{"line":158,"column":2}},"29":{"start":{"line":159,"column":0},"end":{"line":159,"column":22}}},"fnMap":{},"branchMap":{},"s":{"0":1,"1":1,"2":1,"3":1,"4":1,"5":1,"6":1,"7":1,"8":1,"9":1,"10":1,"11":1,"12":1,"13":1,"14":1,"15":1,"16":1,"17":1,"18":1,"19":1,"20":1,"21":1,"22":1,"23":1,"24":1,"25":1,"26":1,"27":1,"28":1,"29":1},"f":{},"b":{}}
,"/home/juanma42/Documentos/Curso_skylab/curso/juanma-taboada-final-project-202110/server/routes/generic.routes.ts": {"path":"/home/juanma42/Documentos/Curso_skylab/curso/juanma-taboada-final-project-202110/server/routes/generic.routes.ts","statementMap":{"0":{"start":{"line":1,"column":0},"end":{"line":1,"column":33}},"1":{"start":{"line":2,"column":0},"end":{"line":2,"column":null}},"2":{"start":{"line":8,"column":15},"end":{"line":8,"column":23}},"3":{"start":{"line":10,"column":0},"end":{"line":10,"column":37}},"4":{"start":{"line":11,"column":0},"end":{"line":11,"column":37}},"5":{"start":{"line":12,"column":0},"end":{"line":12,"column":50}},"6":{"start":{"line":13,"column":0},"end":{"line":13,"column":22}}},"fnMap":{},"branchMap":{},"s":{"0":1,"1":1,"2":1,"3":1,"4":1,"5":1,"6":1},"f":{},"b":{}}
}
