TN:
SF:app.ts
FN:26,(anonymous_1)
FNF:1
FNH:1
FNDA:1,(anonymous_1)
DA:1,1
DA:2,1
DA:3,1
DA:4,1
DA:5,1
DA:6,1
DA:7,1
DA:8,1
DA:9,1
DA:12,1
DA:13,1
DA:16,1
DA:19,1
DA:20,1
DA:21,1
DA:22,1
DA:23,1
DA:24,1
DA:26,1
DA:27,1
DA:30,1
DA:31,1
DA:32,1
DA:34,1
LF:24
LH:24
BRDA:16,0,0,1
BRDA:16,0,1,0
BRF:2
BRH:1
end_of_record
TN:
SF:config/config.ts
FNF:0
FNH:0
DA:1,3
DA:3,3
DA:5,3
LF:3
LH:3
BRDA:6,0,0,3
BRDA:6,0,1,3
BRDA:9,1,0,3
BRDA:9,1,1,0
BRDA:11,2,0,3
BRDA:11,2,1,0
BRDA:12,3,0,3
BRDA:12,3,1,0
BRDA:14,4,0,3
BRDA:14,4,1,0
BRF:10
BRH:6
end_of_record
TN:
SF:controllers/authUser.controller.ts
FN:8,(anonymous_8)
FN:11,(anonymous_9)
FN:61,(anonymous_10)
FN:64,(anonymous_11)
FN:77,(anonymous_12)
FN:77,(anonymous_13)
FN:93,(anonymous_14)
FN:93,(anonymous_15)
FN:111,(anonymous_16)
FN:111,(anonymous_17)
FN:138,(anonymous_18)
FN:138,(anonymous_19)
FN:154,(anonymous_20)
FN:163,(anonymous_21)
FN:163,(anonymous_22)
FN:191,(anonymous_23)
FN:191,(anonymous_24)
FN:213,(anonymous_25)
FN:213,(anonymous_26)
FN:233,(anonymous_27)
FN:233,(anonymous_28)
FN:260,(anonymous_29)
FN:260,(anonymous_30)
FN:265,(anonymous_31)
FN:265,(anonymous_32)
FN:289,(anonymous_33)
FN:289,(anonymous_34)
FN:307,(anonymous_35)
FN:307,(anonymous_36)
FN:334,(anonymous_37)
FN:334,(anonymous_38)
FN:353,(anonymous_39)
FN:355,(anonymous_40)
FN:361,(anonymous_41)
FN:361,(anonymous_42)
FN:389,(anonymous_43)
FN:389,(anonymous_44)
FN:403,(anonymous_45)
FN:406,(anonymous_46)
FN:413,(anonymous_47)
FN:413,(anonymous_48)
FN:426,(anonymous_49)
FN:426,(anonymous_50)
FN:448,(anonymous_51)
FN:448,(anonymous_52)
FN:459,(anonymous_53)
FN:459,(anonymous_54)
FN:463,(anonymous_55)
FN:463,(anonymous_56)
FN:491,(anonymous_57)
FN:491,(anonymous_58)
FN:513,(anonymous_59)
FN:513,(anonymous_60)
FN:525,(anonymous_61)
FN:528,(anonymous_62)
FN:536,(anonymous_63)
FN:536,(anonymous_64)
FN:546,(anonymous_65)
FN:549,(anonymous_66)
FN:557,(anonymous_67)
FN:557,(anonymous_68)
FN:566,(anonymous_69)
FN:567,(anonymous_70)
FNF:63
FNH:46
FNDA:2,(anonymous_8)
FNDA:2,(anonymous_9)
FNDA:2,(anonymous_10)
FNDA:2,(anonymous_11)
FNDA:2,(anonymous_12)
FNDA:2,(anonymous_13)
FNDA:0,(anonymous_14)
FNDA:0,(anonymous_15)
FNDA:2,(anonymous_16)
FNDA:2,(anonymous_17)
FNDA:3,(anonymous_18)
FNDA:3,(anonymous_19)
FNDA:0,(anonymous_20)
FNDA:4,(anonymous_21)
FNDA:4,(anonymous_22)
FNDA:2,(anonymous_23)
FNDA:2,(anonymous_24)
FNDA:4,(anonymous_25)
FNDA:4,(anonymous_26)
FNDA:4,(anonymous_27)
FNDA:4,(anonymous_28)
FNDA:0,(anonymous_29)
FNDA:0,(anonymous_30)
FNDA:2,(anonymous_31)
FNDA:2,(anonymous_32)
FNDA:3,(anonymous_33)
FNDA:3,(anonymous_34)
FNDA:4,(anonymous_35)
FNDA:4,(anonymous_36)
FNDA:4,(anonymous_37)
FNDA:4,(anonymous_38)
FNDA:1,(anonymous_39)
FNDA:1,(anonymous_40)
FNDA:4,(anonymous_41)
FNDA:4,(anonymous_42)
FNDA:3,(anonymous_43)
FNDA:3,(anonymous_44)
FNDA:1,(anonymous_45)
FNDA:1,(anonymous_46)
FNDA:2,(anonymous_47)
FNDA:2,(anonymous_48)
FNDA:0,(anonymous_49)
FNDA:0,(anonymous_50)
FNDA:2,(anonymous_51)
FNDA:2,(anonymous_52)
FNDA:0,(anonymous_53)
FNDA:0,(anonymous_54)
FNDA:0,(anonymous_55)
FNDA:0,(anonymous_56)
FNDA:3,(anonymous_57)
FNDA:3,(anonymous_58)
FNDA:2,(anonymous_59)
FNDA:2,(anonymous_60)
FNDA:0,(anonymous_61)
FNDA:0,(anonymous_62)
FNDA:2,(anonymous_63)
FNDA:2,(anonymous_64)
FNDA:0,(anonymous_65)
FNDA:0,(anonymous_66)
FNDA:2,(anonymous_67)
FNDA:2,(anonymous_68)
FNDA:0,(anonymous_69)
FNDA:0,(anonymous_70)
DA:2,2
DA:3,2
DA:4,2
DA:5,2
DA:8,2
DA:11,2
DA:12,2
DA:23,2
DA:24,2
DA:25,2
DA:26,1
DA:30,1
DA:31,1
DA:32,1
DA:33,1
DA:34,1
DA:35,1
DA:36,1
DA:37,1
DA:38,1
DA:40,1
DA:41,1
DA:61,2
DA:64,2
DA:65,2
DA:66,0
DA:67,0
DA:68,0
DA:72,0
DA:73,0
DA:77,2
DA:78,2
DA:79,2
DA:80,2
DA:81,1
DA:85,1
DA:86,1
DA:87,1
DA:93,2
DA:94,0
DA:95,0
DA:96,0
DA:97,0
DA:101,0
DA:102,0
DA:103,0
DA:106,0
DA:111,2
DA:113,2
DA:114,2
DA:115,2
DA:116,1
DA:120,1
DA:121,1
DA:130,1
DA:131,0
DA:132,0
DA:138,3
DA:139,3
DA:140,0
DA:141,0
DA:142,0
DA:146,0
DA:147,0
DA:148,0
DA:152,0
DA:153,0
DA:154,0
DA:157,0
DA:158,0
DA:163,4
DA:164,4
DA:165,4
DA:166,4
DA:167,1
DA:171,3
DA:172,3
DA:173,1
DA:177,2
DA:178,1
DA:179,1
DA:180,1
DA:185,1
DA:191,2
DA:192,2
DA:193,2
DA:194,2
DA:195,2
DA:196,1
DA:200,1
DA:207,1
DA:213,4
DA:214,4
DA:215,1
DA:219,3
DA:220,3
DA:221,3
DA:222,1
DA:227,2
DA:228,1
DA:229,1
DA:233,4
DA:234,4
DA:235,4
DA:236,4
DA:237,1
DA:241,3
DA:242,3
DA:243,1
DA:247,2
DA:248,1
DA:252,1
DA:253,1
DA:254,1
DA:260,2
DA:261,0
DA:262,0
DA:265,2
DA:266,2
DA:267,2
DA:268,2
DA:269,2
DA:270,1
DA:274,1
DA:275,1
DA:281,1
DA:282,1
DA:283,1
DA:284,0
DA:289,3
DA:290,3
DA:291,3
DA:292,3
DA:293,1
DA:297,2
DA:298,1
DA:299,1
DA:303,1
DA:307,4
DA:308,4
DA:309,4
DA:310,4
DA:311,1
DA:315,3
DA:316,3
DA:317,1
DA:321,2
DA:322,1
DA:326,1
DA:327,1
DA:328,1
DA:329,1
DA:330,1
DA:334,4
DA:335,4
DA:336,4
DA:337,4
DA:338,1
DA:342,3
DA:343,3
DA:344,1
DA:348,2
DA:349,1
DA:353,1
DA:354,1
DA:355,1
DA:356,1
DA:357,1
DA:361,4
DA:362,4
DA:363,4
DA:364,4
DA:365,1
DA:369,3
DA:370,3
DA:371,1
DA:375,2
DA:376,1
DA:380,1
DA:381,1
DA:382,1
DA:383,1
DA:384,1
DA:389,3
DA:390,3
DA:391,3
DA:392,3
DA:393,1
DA:397,2
DA:398,2
DA:399,1
DA:403,1
DA:404,1
DA:405,1
DA:406,1
DA:408,1
DA:409,1
DA:413,2
DA:414,2
DA:415,2
DA:416,2
DA:417,1
DA:421,1
DA:426,2
DA:427,0
DA:428,0
DA:429,0
DA:430,0
DA:434,0
DA:435,0
DA:436,0
DA:440,0
DA:441,0
DA:442,0
DA:448,2
DA:449,2
DA:450,2
DA:451,2
DA:452,1
DA:456,1
DA:459,2
DA:460,0
DA:461,0
DA:463,2
DA:464,0
DA:465,0
DA:466,0
DA:467,0
DA:471,0
DA:472,0
DA:473,0
DA:477,0
DA:478,0
DA:482,0
DA:483,0
DA:484,0
DA:485,0
DA:486,0
DA:491,3
DA:492,3
DA:493,3
DA:494,3
DA:495,3
DA:496,1
DA:500,2
DA:501,1
DA:505,1
DA:506,1
DA:507,1
DA:508,1
DA:509,1
DA:513,2
DA:514,2
DA:515,2
DA:516,2
DA:517,2
DA:518,1
DA:522,1
DA:523,1
DA:524,1
DA:525,0
DA:527,1
DA:528,0
DA:530,1
DA:531,1
DA:532,1
DA:536,2
DA:537,2
DA:538,2
DA:539,2
DA:540,2
DA:541,1
DA:545,1
DA:546,0
DA:548,1
DA:549,0
DA:551,1
DA:552,1
DA:553,1
DA:557,2
DA:558,2
DA:559,2
DA:560,2
DA:561,2
DA:562,1
DA:566,1
DA:567,1
DA:568,1
DA:569,1
DA:570,1
LF:290
LH:231
BRDA:25,0,0,1
BRDA:67,1,0,0
BRDA:80,2,0,1
BRDA:96,3,0,0
BRDA:115,4,0,1
BRDA:141,5,0,0
BRDA:147,6,0,0
BRDA:166,7,0,1
BRDA:172,8,0,1
BRDA:177,9,0,1
BRDA:195,10,0,1
BRDA:214,11,0,1
BRDA:221,12,0,1
BRDA:236,13,0,1
BRDA:242,14,0,1
BRDA:247,15,0,1
BRDA:269,16,0,1
BRDA:292,17,0,1
BRDA:297,18,0,1
BRDA:310,19,0,1
BRDA:316,20,0,1
BRDA:321,21,0,1
BRDA:337,22,0,1
BRDA:343,23,0,1
BRDA:348,24,0,1
BRDA:364,25,0,1
BRDA:370,26,0,1
BRDA:375,27,0,1
BRDA:392,28,0,1
BRDA:398,29,0,1
BRDA:416,30,0,1
BRDA:429,31,0,0
BRDA:435,32,0,0
BRDA:451,33,0,1
BRDA:466,34,0,0
BRDA:472,35,0,0
BRDA:477,36,0,0
BRDA:495,37,0,1
BRDA:495,38,0,3
BRDA:495,38,1,2
BRDA:500,39,0,1
BRDA:517,40,0,1
BRDA:517,41,0,2
BRDA:517,41,1,1
BRDA:540,42,0,1
BRDA:540,43,0,2
BRDA:540,43,1,1
BRDA:561,44,0,1
BRDA:561,45,0,2
BRDA:561,45,1,1
BRF:50
BRH:41
end_of_record
TN:
SF:controllers/generic.controller.ts
FN:5,(anonymous_8)
FN:8,(anonymous_9)
FN:13,(anonymous_10)
FN:16,(anonymous_11)
FN:21,(anonymous_12)
FN:24,(anonymous_13)
FNF:6
FNH:6
FNDA:1,(anonymous_8)
FNDA:1,(anonymous_9)
FNDA:1,(anonymous_10)
FNDA:1,(anonymous_11)
FNDA:3,(anonymous_12)
FNDA:3,(anonymous_13)
DA:2,2
DA:3,2
DA:5,2
DA:8,1
DA:9,1
DA:10,1
DA:13,2
DA:16,1
DA:17,1
DA:18,1
DA:21,2
DA:24,3
DA:25,3
DA:32,1
DA:35,2
DA:36,2
DA:37,1
DA:40,1
DA:41,1
LF:19
LH:19
BRDA:25,0,0,1
BRDA:26,1,0,3
BRDA:26,1,1,3
BRDA:26,1,2,3
BRDA:26,1,3,2
BRDA:26,1,4,2
BRDA:36,2,0,1
BRF:7
BRH:7
end_of_record
TN:
SF:controllers/user.controller.ts
FN:6,createToken
FN:12,(anonymous_9)
FN:15,(anonymous_10)
FN:49,(anonymous_11)
FN:52,(anonymous_12)
FNF:5
FNH:5
FNDA:2,createToken
FNDA:3,(anonymous_9)
FNDA:3,(anonymous_10)
FNDA:4,(anonymous_11)
FNDA:4,(anonymous_12)
DA:2,2
DA:3,2
DA:4,2
DA:7,2
DA:12,2
DA:15,3
DA:16,3
DA:17,1
DA:22,2
DA:23,2
DA:24,1
DA:27,1
DA:28,1
DA:49,2
DA:52,4
DA:53,4
DA:54,1
DA:59,3
DA:60,3
DA:61,1
DA:64,2
DA:65,2
DA:66,1
DA:87,1
LF:24
LH:24
BRDA:16,0,0,1
BRDA:16,1,0,3
BRDA:16,1,1,2
BRDA:23,2,0,1
BRDA:53,3,0,1
BRDA:53,4,0,4
BRDA:53,4,1,3
BRDA:60,5,0,1
BRDA:65,6,0,1
BRF:9
BRH:9
end_of_record
TN:
SF:middleware/passport.ts
FN:11,(anonymous_8)
FN:11,(anonymous_9)
FNF:2
FNH:0
FNDA:0,(anonymous_8)
FNDA:0,(anonymous_9)
DA:1,2
DA:2,2
DA:3,2
DA:5,2
DA:11,2
DA:12,0
DA:13,0
DA:14,0
DA:15,0
DA:17,0
DA:19,0
LF:11
LH:5
BRDA:14,0,0,0
BRF:1
BRH:0
end_of_record
TN:
SF:models/dogspot.ts
FNF:0
FNH:0
DA:1,3
DA:11,3
DA:19,3
LF:3
LH:3
BRF:0
BRH:0
end_of_record
TN:
SF:models/group.ts
FNF:0
FNH:0
DA:1,2
DA:14,2
DA:35,2
LF:3
LH:3
BRF:0
BRH:0
end_of_record
TN:
SF:models/post.ts
FNF:0
FNH:0
DA:1,2
DA:13,2
DA:26,2
LF:3
LH:3
BRF:0
BRH:0
end_of_record
TN:
SF:models/shelter.ts
FNF:0
FNH:0
DA:1,2
DA:11,2
DA:19,2
LF:3
LH:3
BRF:0
BRH:0
end_of_record
TN:
SF:models/user.ts
FN:59,(anonymous_8)
FN:71,(anonymous_10)
FNF:2
FNH:0
FNDA:0,(anonymous_8)
FNDA:0,(anonymous_10)
DA:4,4
DA:5,4
DA:26,4
DA:59,4
DA:60,0
DA:62,0
DA:64,0
DA:65,0
DA:66,0
DA:68,0
DA:71,4
DA:74,0
DA:77,4
LF:13
LH:6
BRDA:62,0,0,0
BRF:1
BRH:0
end_of_record
TN:
SF:routes/auth.routes.ts
FNF:0
FNH:0
DA:1,1
DA:2,1
DA:4,1
DA:6,1
DA:7,1
DA:8,1
LF:6
LH:6
BRF:0
BRH:0
end_of_record
TN:
SF:routes/authUser.routes.ts
FNF:0
FNH:0
DA:1,1
DA:2,1
DA:4,1
DA:33,1
DA:35,1
DA:40,1
DA:46,1
DA:51,1
DA:56,1
DA:69,1
DA:74,1
DA:75,1
DA:80,1
DA:86,1
DA:87,1
DA:92,1
DA:97,1
DA:102,1
DA:107,1
DA:112,1
DA:117,1
DA:122,1
DA:128,1
DA:133,1
DA:134,1
DA:139,1
DA:144,1
DA:149,1
DA:154,1
DA:159,1
LF:30
LH:30
BRF:0
BRH:0
end_of_record
TN:
SF:routes/generic.routes.ts
FNF:0
FNH:0
DA:1,1
DA:2,1
DA:8,1
DA:10,1
DA:11,1
DA:12,1
DA:13,1
LF:7
LH:7
BRF:0
BRH:0
end_of_record
